<?xml version="1.0" encoding="UTF-8"?>
<testsuite xmlns:xsi="http://www.w3.org/2001/XMLSchema-instance" xsi:noNamespaceSchemaLocation="https://maven.apache.org/surefire/maven-surefire-plugin/xsd/surefire-test-report-3.0.xsd" version="3.0" name="com.github.fkitsantas.pdfcompressionservice.PdfCompressionServiceApplicationTests" time="1.04" tests="1" errors="0" skipped="0" failures="0">
  <properties>
[...]
</properties>
  <testcase name="contextLoads" classname="com.github.fkitsantas.pdfcompressionservice.PdfCompressionServiceApplicationTests" time="0.373">
    <system-out><![CDATA[12:59:47.351 [main] INFO org.springframework.test.context.support.AnnotationConfigContextLoaderUtils -- Could not detect default configuration classes for test class [com.github.fkitsantas.pdfcompressionservice.PdfCompressionServiceApplicationTests]: PdfCompressionServiceApplicationTests does not declare any static, non-private, non-final, nested classes annotated with @Configuration.
12:59:47.393 [main] INFO org.springframework.boot.test.context.SpringBootTestContextBootstrapper -- Found @SpringBootConfiguration com.github.fkitsantas.pdfcompressionservice.PdfCompressionServiceApplication for test class com.github.fkitsantas.pdfcompressionservice.PdfCompressionServiceApplicationTests

  .   ____          _            __ _ _
 /\\ / ___'_ __ _ _(_)_ __  __ _ \ \ \ \
( ( )\___ | '_ | '_| | '_ \/ _` | \ \ \ \
 \\/  ___)| |_)| | | | | || (_| |  ) ) ) )
  '  |____| .__|_| |_|_| |_\__, | / / / /
 =========|_|==============|___/=/_/_/_/
 :: Spring Boot ::                (v3.1.2)

2023-08-11T12:59:47.535+01:00  INFO 21067 --- [           main] .p.PdfCompressionServiceApplicationTests : Starting PdfCompressionServiceApplicationTests using Java 20.0.2 with PID 21067 (started by fotios in /Users/fotios/Projects/PdfCompressionService)
2023-08-11T12:59:47.536+01:00  INFO 21067 --- [           main] .p.PdfCompressionServiceApplicationTests : No active profile set, falling back to 1 default profile: "default"
2023-08-11T12:59:47.813+01:00  INFO 21067 --- [           main] c.g.f.p.PdfCompressionServiceApplication : public org.springframework.http.ResponseEntity org.springframework.boot.autoconfigure.web.servlet.error.BasicErrorController.error(jakarta.servlet.http.HttpServletRequest) is mapped to class org.springframework.boot.autoconfigure.web.servlet.error.BasicErrorController
2023-08-11T12:59:47.814+01:00  INFO 21067 --- [           main] c.g.f.p.PdfCompressionServiceApplication : public org.springframework.http.ResponseEntity com.github.fkitsantas.pdfcompressionservice.PdfCompressionService.compressPdf(org.springframework.web.multipart.MultipartFile) throws java.io.IOException is mapped to class com.github.fkitsantas.pdfcompressionservice.PdfCompressionService
2023-08-11T12:59:47.814+01:00  INFO 21067 --- [           main] c.g.f.p.PdfCompressionServiceApplication : public org.springframework.web.servlet.ModelAndView org.springframework.boot.autoconfigure.web.servlet.error.BasicErrorController.errorHtml(jakarta.servlet.http.HttpServletRequest,jakarta.servlet.http.HttpServletResponse) is mapped to class org.springframework.boot.autoconfigure.web.servlet.error.BasicErrorController
2023-08-11T12:59:47.814+01:00  INFO 21067 --- [           main] c.g.f.p.PdfCompressionServiceApplication : public java.lang.String com.github.fkitsantas.pdfcompressionservice.LogsController.getLogsPage(org.springframework.ui.Model) throws java.io.IOException is mapped to class com.github.fkitsantas.pdfcompressionservice.LogsController
2023-08-11T12:59:47.941+01:00  INFO 21067 --- [           main] .p.PdfCompressionServiceApplicationTests : Started PdfCompressionServiceApplicationTests in 0.495 seconds (process running for 0.848)
]]></system-out>
  </testcase>
</testsuite>