<?xml version="1.0" encoding="UTF-8"?>
<testsuite xmlns:xsi="http://www.w3.org/2001/XMLSchema-instance" xsi:noNamespaceSchemaLocation="https://maven.apache.org/surefire/maven-surefire-plugin/xsd/surefire-test-report-3.0.xsd" version="3.0" name="com.uk.noonans.pdfcompressionservice.PdfCompressionServiceApplicationTests" time="1.007" tests="1" errors="0" skipped="0" failures="0">
  <properties>
[...]
</properties>
  <testcase name="contextLoads" classname="com.uk.noonans.pdfcompressionservice.PdfCompressionServiceApplicationTests" time="0.388">
    <system-out><![CDATA[12:28:17.457 [main] INFO org.springframework.test.context.support.AnnotationConfigContextLoaderUtils -- Could not detect default configuration classes for test class [com.uk.noonans.pdfcompressionservice.PdfCompressionServiceApplicationTests]: PdfCompressionServiceApplicationTests does not declare any static, non-private, non-final, nested classes annotated with @Configuration.
12:28:17.497 [main] INFO org.springframework.boot.test.context.SpringBootTestContextBootstrapper -- Found @SpringBootConfiguration com.uk.noonans.pdfcompressionservice.PdfCompressionServiceApplication for test class com.uk.noonans.pdfcompressionservice.PdfCompressionServiceApplicationTests

  .   ____          _            __ _ _
 /\\ / ___'_ __ _ _(_)_ __  __ _ \ \ \ \
( ( )\___ | '_ | '_| | '_ \/ _` | \ \ \ \
 \\/  ___)| |_)| | | | | || (_| |  ) ) ) )
  '  |____| .__|_| |_|_| |_\__, | / / / /
 =========|_|==============|___/=/_/_/_/
 :: Spring Boot ::                (v3.1.2)

2023-08-01T12:28:17.623+01:00  INFO 56025 --- [           main] .p.PdfCompressionServiceApplicationTests : Starting PdfCompressionServiceApplicationTests using Java 20.0.2 with PID 56025 (started by fkitsantas in /Users/fkitsantas/Projects/PdfCompressionService)
2023-08-01T12:28:17.624+01:00  INFO 56025 --- [           main] .p.PdfCompressionServiceApplicationTests : No active profile set, falling back to 1 default profile: "default"
2023-08-01T12:28:17.880+01:00  INFO 56025 --- [           main] c.u.n.p.PdfCompressionServiceApplication : public org.springframework.http.ResponseEntity com.uk.noonans.pdfcompressionservice.PdfCompressionService.compressPdf(org.springframework.web.multipart.MultipartFile,javax.servlet.http.HttpServletRequest) is mapped to class com.uk.noonans.pdfcompressionservice.PdfCompressionService
2023-08-01T12:28:17.881+01:00  INFO 56025 --- [           main] c.u.n.p.PdfCompressionServiceApplication : public org.springframework.http.ResponseEntity org.springframework.boot.autoconfigure.web.servlet.error.BasicErrorController.error(jakarta.servlet.http.HttpServletRequest) is mapped to class org.springframework.boot.autoconfigure.web.servlet.error.BasicErrorController
2023-08-01T12:28:17.881+01:00  INFO 56025 --- [           main] c.u.n.p.PdfCompressionServiceApplication : public org.springframework.web.servlet.ModelAndView org.springframework.boot.autoconfigure.web.servlet.error.BasicErrorController.errorHtml(jakarta.servlet.http.HttpServletRequest,jakarta.servlet.http.HttpServletResponse) is mapped to class org.springframework.boot.autoconfigure.web.servlet.error.BasicErrorController
2023-08-01T12:28:17.881+01:00  INFO 56025 --- [           main] c.u.n.p.PdfCompressionServiceApplication : public java.lang.String com.uk.noonans.pdfcompressionservice.LogsController.getLogsPage(org.springframework.ui.Model) throws java.io.IOException is mapped to class com.uk.noonans.pdfcompressionservice.LogsController
2023-08-01T12:28:18.001+01:00  INFO 56025 --- [           main] .p.PdfCompressionServiceApplicationTests : Started PdfCompressionServiceApplicationTests in 0.461 seconds (process running for 0.8)
]]></system-out>
  </testcase>
</testsuite>