<?xml version="1.0" encoding="UTF-8"?>
<testsuite xmlns:xsi="http://www.w3.org/2001/XMLSchema-instance" xsi:noNamespaceSchemaLocation="https://maven.apache.org/surefire/maven-surefire-plugin/xsd/surefire-test-report-3.0.xsd" version="3.0" name="com.uk.noonans.pdfcompressionservice.PdfCompressionServiceApplicationTests" time="0.993" tests="1" errors="0" skipped="0" failures="0">
  <properties>
[...]
</properties>
  <testcase name="contextLoads" classname="com.uk.noonans.pdfcompressionservice.PdfCompressionServiceApplicationTests" time="0.387">
    <system-out><![CDATA[12:54:36.351 [main] INFO org.springframework.test.context.support.AnnotationConfigContextLoaderUtils -- Could not detect default configuration classes for test class [com.uk.noonans.pdfcompressionservice.PdfCompressionServiceApplicationTests]: PdfCompressionServiceApplicationTests does not declare any static, non-private, non-final, nested classes annotated with @Configuration.
12:54:36.389 [main] INFO org.springframework.boot.test.context.SpringBootTestContextBootstrapper -- Found @SpringBootConfiguration com.uk.noonans.pdfcompressionservice.PdfCompressionServiceApplication for test class com.uk.noonans.pdfcompressionservice.PdfCompressionServiceApplicationTests

  .   ____          _            __ _ _
 /\\ / ___'_ __ _ _(_)_ __  __ _ \ \ \ \
( ( )\___ | '_ | '_| | '_ \/ _` | \ \ \ \
 \\/  ___)| |_)| | | | | || (_| |  ) ) ) )
  '  |____| .__|_| |_|_| |_\__, | / / / /
 =========|_|==============|___/=/_/_/_/
 :: Spring Boot ::                (v3.1.2)

2023-07-29T12:54:36.515+01:00  INFO 97758 --- [           main] .p.PdfCompressionServiceApplicationTests : Starting PdfCompressionServiceApplicationTests using Java 20.0.1 with PID 97758 (started by fkitsantas in /Users/fkitsantas/Projects/PdfCompressionService)
2023-07-29T12:54:36.515+01:00  INFO 97758 --- [           main] .p.PdfCompressionServiceApplicationTests : No active profile set, falling back to 1 default profile: "default"
2023-07-29T12:54:36.881+01:00  INFO 97758 --- [           main] .p.PdfCompressionServiceApplicationTests : Started PdfCompressionServiceApplicationTests in 0.448 seconds (process running for 0.785)
]]></system-out>
  </testcase>
</testsuite>